[16:10:59] [ServerMain/INFO]: [bootstrap] Running Java 21 (OpenJDK 64-Bit Server VM 21.0.6+7-Ubuntu-120.04.1; Ubuntu null) on Linux 6.8.0-1026-azure (amd64)
[16:10:59] [ServerMain/INFO]: [bootstrap] Loading Paper 1.21-130-master@b1b5d4c (2024-08-10T10:02:42Z) for Minecraft 1.21
[16:10:59] [ServerMain/INFO]: [PluginInitializerManager] Initializing plugins...
[16:11:00] [ServerMain/INFO]: [PluginInitializerManager] Initialized 1 plugin
[16:11:00] [ServerMain/INFO]: [PluginInitializerManager] Bukkit plugins (1):
 - SkinsRestorer (15.6.2)
[16:11:08] [ServerMain/INFO]: Environment: Environment[sessionHost=https://sessionserver.mojang.com, servicesHost=https://api.minecraftservices.com, name=PROD]
[16:11:11] [ServerMain/INFO]: Loaded 1290 recipes
[16:11:11] [ServerMain/INFO]: Loaded 1399 advancements
[16:11:12] [Server thread/INFO]: Starting minecraft server version 1.21
[16:11:12] [Server thread/INFO]: Loading properties
[16:11:12] [Server thread/INFO]: This server is running Paper version 1.21-130-master@b1b5d4c (2024-08-10T10:02:42Z) (Implementing API version 1.21-R0.1-SNAPSHOT)
[16:11:13] [Server thread/INFO]: [spark] This server bundles the spark profiler. For more information please visit https://docs.papermc.io/paper/profiling
[16:11:13] [Server thread/INFO]: Server Ping Player Sample Count: 12
[16:11:13] [Server thread/INFO]: Using 4 threads for Netty based IO
[16:11:14] [Server thread/INFO]: [ChunkTaskScheduler] Chunk system is using 1 I/O threads, 1 worker threads, and population gen parallelism of 1 threads
[16:11:14] [Server thread/INFO]: Default game type: SURVIVAL
[16:11:14] [Server thread/INFO]: Generating keypair
[16:11:14] [Server thread/INFO]: Starting Minecraft server on *:25565
[16:11:14] [Server thread/INFO]: Using epoll channel type
[16:11:14] [Server thread/INFO]: Paper: Using libdeflate (Linux x86_64) compression from Velocity.
[16:11:14] [Server thread/INFO]: Paper: Using OpenSSL 1.1.x (Linux x86_64) cipher from Velocity.
[16:11:14] [Server thread/INFO]: [SkinsRestorer] Loading server plugin SkinsRestorer v15.6.2
[16:11:14] [Server thread/INFO]: Server permissions file permissions.yml is empty, ignoring it
[16:11:14] [Server thread/INFO]: [SkinsRestorer] Enabling SkinsRestorer v15.6.2
[16:11:16] [Server thread/WARN]: [SkinsRestorer] You must agree to the rules at 'commands.perSkinPermissionsConsent' in the config to use per skin permissions.
[16:11:17] [Server thread/INFO]: [SkinsRestorer] Running on Minecraft 1.21.0.
[16:11:19] [Server thread/INFO]: [SkinsRestorer] Using paper join listener!
[16:11:19] [Server thread/WARN]: **** SERVER IS RUNNING IN OFFLINE/INSECURE MODE!
[16:11:19] [Server thread/WARN]: The server will make no attempt to authenticate usernames. Beware.
[16:11:19] [Server thread/WARN]: While this makes the game possible to play without internet access, it also opens up the ability for hackers to connect with any username they choose.
[16:11:19] [Server thread/WARN]: To change this, set "online-mode" to "true" in the server.properties file.
[16:11:19] [Server thread/INFO]: Preparing level "world"
[16:11:19] [Folia Async Scheduler Thread #1/INFO]: [SkinsRestorer] ----------------------------------------------
[16:11:19] [Folia Async Scheduler Thread #1/INFO]: [SkinsRestorer]     +==================+
[16:11:19] [Folia Async Scheduler Thread #1/INFO]: [SkinsRestorer]     |   SkinsRestorer  |
[16:11:19] [Folia Async Scheduler Thread #1/INFO]: [SkinsRestorer]     |------------------|
[16:11:19] [Folia Async Scheduler Thread #1/INFO]: [SkinsRestorer]     |  Standalone Mode |
[16:11:19] [Folia Async Scheduler Thread #1/INFO]: [SkinsRestorer]     +==================+
[16:11:19] [Folia Async Scheduler Thread #1/INFO]: [SkinsRestorer] ----------------------------------------------
[16:11:19] [Folia Async Scheduler Thread #1/INFO]: [SkinsRestorer]     Version: 15.6.2
[16:11:19] [Folia Async Scheduler Thread #1/INFO]: [SkinsRestorer]     Commit: 7bda5de
[16:11:19] [Folia Async Scheduler Thread #1/INFO]: [SkinsRestorer]     This is the latest version!
[16:11:19] [Folia Async Scheduler Thread #1/INFO]: [SkinsRestorer] ----------------------------------------------
[16:11:19] [Folia Async Scheduler Thread #1/INFO]: [SkinsRestorer] Do you have issues? Read our troubleshooting guide: https://skinsrestorer.net/docs/troubleshooting
[16:11:19] [Folia Async Scheduler Thread #1/INFO]: [SkinsRestorer] Want to support SkinsRestorer? Consider donating: https://skinsrestorer.net/donate
[16:11:20] [Server thread/INFO]: Preparing start region for dimension minecraft:overworld
[16:11:22] [Server thread/INFO]: Time elapsed: 1850 ms
[16:11:22] [Server thread/INFO]: Preparing start region for dimension minecraft:the_nether
[16:11:23] [Server thread/INFO]: Time elapsed: 1156 ms
[16:11:23] [Server thread/INFO]: Preparing start region for dimension minecraft:the_end
[16:11:23] [Server thread/INFO]: Time elapsed: 282 ms
[16:11:23] [Server thread/INFO]: [spark] Starting background profiler...
[16:11:25] [Server thread/INFO]: Done preparing level "world" (5.326s)
[16:11:25] [Server thread/INFO]: Running delayed init tasks
[16:11:25] [Server thread/INFO]: Done (27.546s)! For help, type "help"
[16:11:25] [Server thread/INFO]: Timings Reset
[16:12:10] [User Authenticator #0/INFO]: UUID of player ulvm is fd000250-2bd2-3537-874e-a1ecfa06dd95
[16:12:11] [Server thread/INFO]: ulvm joined the game
[16:12:12] [Server thread/INFO]: ulvm[/127.30.118.193:42625] logged in with entity id 27 at ([world]1641.5379258358093, -38.0, 743.3955480916468)
